L 01/30/2019 - 00:45:51: -------- Mapchange to de_dust2 --------
L 01/30/2019 - 00:45:51: [AMXX] Plugin "cso_magnumbolt_zp_extra.amxx" failed to load: Plugin uses an unknown function (name "zp_register_extra_item") - check your modules.ini.
L 01/30/2019 - 00:45:51: [AMXX] Plugin "zp_extra_at4cs.amxx" failed to load: Plugin uses an unknown function (name "zp_get_user_survivor") - check your modules.ini.
L 01/30/2019 - 00:45:52: [csdm_spawn_preset.amxx] Loaded 40 spawn points for map de_dust2.
L 01/30/2019 - 00:45:52: [csdm_main.amxx] CSDM spawn mode set to preset
L 01/30/2019 - 00:45:53: [admin.amxx] Login: "yellowHearts<1><STEAM_0:0:787808286><>" became an admin (account "loopback") (access "abcdefghijklmnopqrstu") (address "loopback")
L 01/30/2019 - 00:45:54: [admin.amxx] Login: "yellowHearts<1><STEAM_0:0:787808286><>" became an admin (account "loopback") (access "abcdefghijklmnopqrstu") (address "loopback")
L 01/30/2019 - 01:17:25: -------- Mapchange to de_dust2 --------
L 01/30/2019 - 01:17:25: [AMXX] Plugin "cso_magnumbolt_zp_extra.amxx" failed to load: Plugin uses an unknown function (name "zp_register_extra_item") - check your modules.ini.
L 01/30/2019 - 01:17:25: [AMXX] Plugin "zp_extra_at4cs.amxx" failed to load: Plugin uses an unknown function (name "zp_get_user_survivor") - check your modules.ini.
L 01/30/2019 - 01:17:26: [csdm_spawn_preset.amxx] Loaded 40 spawn points for map de_dust2.
L 01/30/2019 - 01:17:26: [csdm_main.amxx] CSDM spawn mode set to preset
L 01/30/2019 - 01:17:27: [admin.amxx] Login: "yellowHearts<1><STEAM_0:0:787808286><>" became an admin (account "loopback") (access "abcdefghijklmnopqrstu") (address "loopback")
L 01/30/2019 - 01:17:28: [admin.amxx] Login: "yellowHearts<1><STEAM_0:0:787808286><>" became an admin (account "loopback") (access "abcdefghijklmnopqrstu") (address "loopback")
L 01/30/2019 - 19:00:40: -------- Mapchange to de_dust2 --------
L 01/30/2019 - 19:00:40: [AMXX] Plugin "cso_magnumbolt_zp_extra.amxx" failed to load: Plugin uses an unknown function (name "zp_register_extra_item") - check your modules.ini.
L 01/30/2019 - 19:00:40: [AMXX] Plugin "zp_extra_at4cs.amxx" failed to load: Plugin uses an unknown function (name "zp_get_user_survivor") - check your modules.ini.
L 01/30/2019 - 19:00:41: [csdm_spawn_preset.amxx] Loaded 40 spawn points for map de_dust2.
L 01/30/2019 - 19:00:41: [csdm_main.amxx] CSDM spawn mode set to preset
L 01/30/2019 - 19:00:42: [admin.amxx] Login: "yellowHearts<1><STEAM_0:0:787808286><>" became an admin (account "loopback") (access "abcdefghijklmnopqrstu") (address "loopback")
L 01/30/2019 - 19:00:43: [admin.amxx] Login: "yellowHearts<1><STEAM_0:0:787808286><>" became an admin (account "loopback") (access "abcdefghijklmnopqrstu") (address "loopback")
L 01/30/2019 - 19:50:31: -------- Mapchange to de_dust --------
L 01/30/2019 - 19:50:31: [AMXX] Plugin "cso_magnumbolt_zp_extra.amxx" failed to load: Plugin uses an unknown function (name "zp_register_extra_item") - check your modules.ini.
L 01/30/2019 - 19:50:31: [AMXX] Plugin "zp_extra_at4cs.amxx" failed to load: Plugin uses an unknown function (name "zp_get_user_survivor") - check your modules.ini.
L 01/30/2019 - 19:50:31: [csdm_spawn_preset.amxx] Loaded 32 spawn points for map de_dust.
L 01/30/2019 - 19:50:31: [csdm_main.amxx] CSDM spawn mode set to preset
L 01/30/2019 - 19:50:32: [admin.amxx] Login: "yellowHearts<32><STEAM_0:0:787808286><>" became an admin (account "loopback") (access "abcdefghijklmnopqrstu") (address "loopback")
L 01/30/2019 - 19:50:33: [admin.amxx] Login: "yellowHearts<32><STEAM_0:0:787808286><>" became an admin (account "loopback") (access "abcdefghijklmnopqrstu") (address "loopback")
L 01/30/2019 - 19:57:31: -------- Mapchange to de_dust --------
L 01/30/2019 - 19:57:31: [AMXX] Plugin "cso_magnumbolt_zp_extra.amxx" failed to load: Plugin uses an unknown function (name "zp_register_extra_item") - check your modules.ini.
L 01/30/2019 - 19:57:31: [AMXX] Plugin "zp_extra_at4cs.amxx" failed to load: Plugin uses an unknown function (name "zp_get_user_survivor") - check your modules.ini.
L 01/30/2019 - 19:57:31: [csdm_spawn_preset.amxx] Loaded 32 spawn points for map de_dust.
L 01/30/2019 - 19:57:31: [csdm_main.amxx] CSDM spawn mode set to preset
L 01/30/2019 - 19:57:31: [admin.amxx] Login: "yellowHearts<63><STEAM_0:0:787808286><>" became an admin (account "loopback") (access "abcdefghijklmnopqrstu") (address "loopback")
L 01/30/2019 - 19:57:33: [admin.amxx] Login: "yellowHearts<63><STEAM_0:0:787808286><>" became an admin (account "loopback") (access "abcdefghijklmnopqrstu") (address "loopback")
