L 02/02/2019 - 01:20:45: -------- Mapchange to de_dust --------
L 02/02/2019 - 01:20:45: [AMXX] Plugin "cso_magnumbolt_zp_extra.amxx" failed to load: Plugin uses an unknown function (name "zp_register_extra_item") - check your modules.ini.
L 02/02/2019 - 01:20:46: [csdm_spawn_preset.amxx] Loaded 32 spawn points for map de_dust.
L 02/02/2019 - 01:20:46: [csdm_main.amxx] CSDM spawn mode set to preset
L 02/02/2019 - 01:20:47: [admin.amxx] Login: "yellowHearts<1><STEAM_0:0:787808286><>" became an admin (account "loopback") (access "abcdefghijklmnopqrstu") (address "loopback")
L 02/02/2019 - 01:21:04: -------- Mapchange to de_dust --------
L 02/02/2019 - 01:21:04: [AMXX] Plugin "cso_magnumbolt_zp_extra.amxx" failed to load: Plugin uses an unknown function (name "zp_register_extra_item") - check your modules.ini.
L 02/02/2019 - 01:21:04: [csdm_spawn_preset.amxx] Loaded 32 spawn points for map de_dust.
L 02/02/2019 - 01:21:04: [csdm_main.amxx] CSDM spawn mode set to preset
L 02/02/2019 - 01:21:05: [admin.amxx] Login: "yellowHearts<2><STEAM_0:0:787808286><>" became an admin (account "loopback") (access "abcdefghijklmnopqrstu") (address "loopback")
L 02/02/2019 - 01:21:06: [admin.amxx] Login: "yellowHearts<2><STEAM_0:0:787808286><>" became an admin (account "loopback") (access "abcdefghijklmnopqrstu") (address "loopback")
L 02/02/2019 - 01:32:12: -------- Mapchange to de_dust --------
L 02/02/2019 - 01:32:12: [AMXX] Plugin "cso_magnumbolt_zp_extra.amxx" failed to load: Plugin uses an unknown function (name "zp_register_extra_item") - check your modules.ini.
L 02/02/2019 - 01:32:13: [csdm_spawn_preset.amxx] Loaded 32 spawn points for map de_dust.
L 02/02/2019 - 01:32:13: [csdm_main.amxx] CSDM spawn mode set to preset
L 02/02/2019 - 01:32:14: [admin.amxx] Login: "yellowHearts<1><STEAM_0:0:787808286><>" became an admin (account "loopback") (access "abcdefghijklmnopqrstu") (address "loopback")
L 02/02/2019 - 01:32:15: [admin.amxx] Login: "yellowHearts<1><STEAM_0:0:787808286><>" became an admin (account "loopback") (access "abcdefghijklmnopqrstu") (address "loopback")
L 02/02/2019 - 01:40:57: -------- Mapchange to de_dust2 --------
L 02/02/2019 - 01:40:57: [AMXX] Plugin "cso_magnumbolt_zp_extra.amxx" failed to load: Plugin uses an unknown function (name "zp_register_extra_item") - check your modules.ini.
L 02/02/2019 - 01:40:57: [csdm_spawn_preset.amxx] Loaded 40 spawn points for map de_dust2.
L 02/02/2019 - 01:40:57: [csdm_main.amxx] CSDM spawn mode set to preset
L 02/02/2019 - 01:40:57: [admin.amxx] Login: "yellowHearts<32><STEAM_0:0:787808286><>" became an admin (account "loopback") (access "abcdefghijklmnopqrstu") (address "loopback")
L 02/02/2019 - 01:40:59: [admin.amxx] Login: "yellowHearts<32><STEAM_0:0:787808286><>" became an admin (account "loopback") (access "abcdefghijklmnopqrstu") (address "loopback")
