L 01/29/2019 - 00:00:07: -------- Mapchange to de_dust --------
L 01/29/2019 - 00:00:07: [AMXX] Plugin "cso_magnumbolt_zp_extra.amxx" failed to load: Plugin uses an unknown function (name "zp_register_extra_item") - check your modules.ini.
L 01/29/2019 - 00:00:07: [AMXX] Plugin "bazooka.amxx" failed to load: Module/Library "dcapi" required for plugin.  Check modules.ini.
L 01/29/2019 - 00:00:07: [AMXX] Plugin "zp_extra_at4cs.amxx" failed to load: Plugin uses an unknown function (name "zp_get_user_survivor") - check your modules.ini.
L 01/29/2019 - 00:00:08: [csdm_spawn_preset.amxx] Loaded 32 spawn points for map de_dust.
L 01/29/2019 - 00:00:08: [csdm_main.amxx] CSDM spawn mode set to preset
L 01/29/2019 - 00:00:08: [admin.amxx] Login: "yellowHearts<1><STEAM_0:0:787808286><>" became an admin (account "loopback") (access "abcdefghijklmnopqrstu") (address "loopback")
L 01/29/2019 - 00:00:09: [admin.amxx] Login: "yellowHearts<1><STEAM_0:0:787808286><>" became an admin (account "loopback") (access "abcdefghijklmnopqrstu") (address "loopback")
L 01/29/2019 - 00:01:45: [admincmd.amxx] Cmd: "yellowHearts<1><STEAM_0:0:787808286><>" pause server
L 01/29/2019 - 00:01:47: [admincmd.amxx] Cmd: "yellowHearts<1><STEAM_0:0:787808286><>" unpause server
L 01/29/2019 - 00:10:22: -------- Mapchange to de_dust --------
L 01/29/2019 - 00:10:22: [AMXX] Plugin "cso_magnumbolt_zp_extra.amxx" failed to load: Plugin uses an unknown function (name "zp_register_extra_item") - check your modules.ini.
L 01/29/2019 - 00:10:22: [AMXX] Plugin "bazooka.amxx" failed to load: Module/Library "dcapi" required for plugin.  Check modules.ini.
L 01/29/2019 - 00:10:22: [AMXX] Plugin "zp_extra_at4cs.amxx" failed to load: Plugin uses an unknown function (name "zp_get_user_survivor") - check your modules.ini.
L 01/29/2019 - 00:10:23: [csdm_spawn_preset.amxx] Loaded 32 spawn points for map de_dust.
L 01/29/2019 - 00:10:23: [csdm_main.amxx] CSDM spawn mode set to preset
L 01/29/2019 - 00:10:23: [admin.amxx] Login: "yellowHearts<1><STEAM_0:0:787808286><>" became an admin (account "loopback") (access "abcdefghijklmnopqrstu") (address "loopback")
L 01/29/2019 - 00:10:24: [admin.amxx] Login: "yellowHearts<1><STEAM_0:0:787808286><>" became an admin (account "loopback") (access "abcdefghijklmnopqrstu") (address "loopback")
L 01/29/2019 - 00:31:35: -------- Mapchange to de_dust2 --------
L 01/29/2019 - 00:31:35: [AMXX] Plugin "cso_magnumbolt_zp_extra.amxx" failed to load: Plugin uses an unknown function (name "zp_register_extra_item") - check your modules.ini.
L 01/29/2019 - 00:31:35: [AMXX] Plugin "bazooka.amxx" failed to load: Module/Library "dcapi" required for plugin.  Check modules.ini.
L 01/29/2019 - 00:31:35: [AMXX] Plugin "zp_extra_at4cs.amxx" failed to load: Plugin uses an unknown function (name "zp_get_user_survivor") - check your modules.ini.
L 01/29/2019 - 00:31:35: [csdm_spawn_preset.amxx] Loaded 40 spawn points for map de_dust2.
L 01/29/2019 - 00:31:35: [csdm_main.amxx] CSDM spawn mode set to preset
L 01/29/2019 - 00:31:36: [admin.amxx] Login: "yellowHearts<24><STEAM_0:0:787808286><>" became an admin (account "loopback") (access "abcdefghijklmnopqrstu") (address "loopback")
L 01/29/2019 - 00:31:37: [admin.amxx] Login: "yellowHearts<24><STEAM_0:0:787808286><>" became an admin (account "loopback") (access "abcdefghijklmnopqrstu") (address "loopback")
L 01/29/2019 - 00:31:44: -------- Mapchange to de_dust2 --------
L 01/29/2019 - 00:31:45: [AMXX] Plugin "cso_magnumbolt_zp_extra.amxx" failed to load: Plugin uses an unknown function (name "zp_register_extra_item") - check your modules.ini.
L 01/29/2019 - 00:31:45: [AMXX] Plugin "bazooka.amxx" failed to load: Module/Library "dcapi" required for plugin.  Check modules.ini.
L 01/29/2019 - 00:31:45: [AMXX] Plugin "zp_extra_at4cs.amxx" failed to load: Plugin uses an unknown function (name "zp_get_user_survivor") - check your modules.ini.
L 01/29/2019 - 00:31:45: [csdm_spawn_preset.amxx] Loaded 40 spawn points for map de_dust2.
L 01/29/2019 - 00:31:45: [csdm_main.amxx] CSDM spawn mode set to preset
L 01/29/2019 - 00:31:45: [admin.amxx] Login: "yellowHearts<47><STEAM_0:0:787808286><>" became an admin (account "loopback") (access "abcdefghijklmnopqrstu") (address "loopback")
L 01/29/2019 - 00:31:46: [admin.amxx] Login: "yellowHearts<47><STEAM_0:0:787808286><>" became an admin (account "loopback") (access "abcdefghijklmnopqrstu") (address "loopback")
L 01/29/2019 - 02:38:44: -------- Mapchange to de_dust2 --------
L 01/29/2019 - 02:38:44: [AMXX] Plugin "cso_magnumbolt_zp_extra.amxx" failed to load: Plugin uses an unknown function (name "zp_register_extra_item") - check your modules.ini.
L 01/29/2019 - 02:38:44: [AMXX] Plugin "zp_extra_at4cs.amxx" failed to load: Plugin uses an unknown function (name "zp_get_user_survivor") - check your modules.ini.
L 01/29/2019 - 02:38:44: [csdm_spawn_preset.amxx] Loaded 40 spawn points for map de_dust2.
L 01/29/2019 - 02:38:44: [csdm_main.amxx] CSDM spawn mode set to preset
L 01/29/2019 - 02:38:45: [admin.amxx] Login: "yellowHearts<1><STEAM_0:0:787808286><>" became an admin (account "loopback") (access "abcdefghijklmnopqrstu") (address "loopback")
L 01/29/2019 - 02:38:46: [admin.amxx] Login: "yellowHearts<1><STEAM_0:0:787808286><>" became an admin (account "loopback") (access "abcdefghijklmnopqrstu") (address "loopback")
L 01/29/2019 - 03:16:01: -------- Mapchange to de_dust2 --------
L 01/29/2019 - 03:16:01: [AMXX] Plugin "cso_magnumbolt_zp_extra.amxx" failed to load: Plugin uses an unknown function (name "zp_register_extra_item") - check your modules.ini.
L 01/29/2019 - 03:16:01: [AMXX] Plugin "zp_extra_at4cs.amxx" failed to load: Plugin uses an unknown function (name "zp_get_user_survivor") - check your modules.ini.
L 01/29/2019 - 03:16:46: -------- Mapchange to de_dust2 --------
L 01/29/2019 - 03:16:46: [AMXX] Plugin "cso_magnumbolt_zp_extra.amxx" failed to load: Plugin uses an unknown function (name "zp_register_extra_item") - check your modules.ini.
L 01/29/2019 - 03:16:46: [AMXX] Plugin "zp_extra_at4cs.amxx" failed to load: Plugin uses an unknown function (name "zp_get_user_survivor") - check your modules.ini.
L 01/29/2019 - 03:17:26: -------- Mapchange to de_dust2 --------
L 01/29/2019 - 03:17:26: [AMXX] Plugin "cso_magnumbolt_zp_extra.amxx" failed to load: Plugin uses an unknown function (name "zp_register_extra_item") - check your modules.ini.
L 01/29/2019 - 03:17:26: [AMXX] Plugin "zp_extra_at4cs.amxx" failed to load: Plugin uses an unknown function (name "zp_get_user_survivor") - check your modules.ini.
L 01/29/2019 - 03:17:27: [csdm_spawn_preset.amxx] Loaded 40 spawn points for map de_dust2.
L 01/29/2019 - 03:17:27: [csdm_main.amxx] CSDM spawn mode set to preset
L 01/29/2019 - 03:17:28: [admin.amxx] Login: "yellowHearts<1><STEAM_0:0:787808286><>" became an admin (account "loopback") (access "abcdefghijklmnopqrstu") (address "loopback")
L 01/29/2019 - 03:17:29: [admin.amxx] Login: "yellowHearts<1><STEAM_0:0:787808286><>" became an admin (account "loopback") (access "abcdefghijklmnopqrstu") (address "loopback")
L 01/29/2019 - 03:37:09: -------- Mapchange to de_dust2 --------
L 01/29/2019 - 03:37:09: [AMXX] Plugin "cso_magnumbolt_zp_extra.amxx" failed to load: Plugin uses an unknown function (name "zp_register_extra_item") - check your modules.ini.
L 01/29/2019 - 03:37:09: [AMXX] Plugin "zp_extra_at4cs.amxx" failed to load: Plugin uses an unknown function (name "zp_get_user_survivor") - check your modules.ini.
L 01/29/2019 - 03:37:09: [csdm_spawn_preset.amxx] Loaded 40 spawn points for map de_dust2.
L 01/29/2019 - 03:37:09: [csdm_main.amxx] CSDM spawn mode set to preset
L 01/29/2019 - 03:37:10: [admin.amxx] Login: "yellowHearts<24><STEAM_0:0:787808286><>" became an admin (account "loopback") (access "abcdefghijklmnopqrstu") (address "loopback")
L 01/29/2019 - 03:37:11: [admin.amxx] Login: "yellowHearts<24><STEAM_0:0:787808286><>" became an admin (account "loopback") (access "abcdefghijklmnopqrstu") (address "loopback")
L 01/29/2019 - 18:21:47: -------- Mapchange to de_dust2 --------
L 01/29/2019 - 18:21:47: [AMXX] Plugin "cso_magnumbolt_zp_extra.amxx" failed to load: Plugin uses an unknown function (name "zp_register_extra_item") - check your modules.ini.
L 01/29/2019 - 18:21:47: [AMXX] Plugin "zp_extra_at4cs.amxx" failed to load: Plugin uses an unknown function (name "zp_get_user_survivor") - check your modules.ini.
L 01/29/2019 - 18:21:48: [csdm_spawn_preset.amxx] Loaded 40 spawn points for map de_dust2.
L 01/29/2019 - 18:21:48: [csdm_main.amxx] CSDM spawn mode set to preset
L 01/29/2019 - 18:21:49: [admin.amxx] Login: "yellowHearts<1><STEAM_0:0:787808286><>" became an admin (account "loopback") (access "abcdefghijklmnopqrstu") (address "loopback")
L 01/29/2019 - 18:21:50: [admin.amxx] Login: "yellowHearts<1><STEAM_0:0:787808286><>" became an admin (account "loopback") (access "abcdefghijklmnopqrstu") (address "loopback")
L 01/29/2019 - 18:40:16: -------- Mapchange to de_dust2 --------
L 01/29/2019 - 18:40:16: [AMXX] Plugin "cso_magnumbolt_zp_extra.amxx" failed to load: Plugin uses an unknown function (name "zp_register_extra_item") - check your modules.ini.
L 01/29/2019 - 18:40:16: [AMXX] Plugin "zp_extra_at4cs.amxx" failed to load: Plugin uses an unknown function (name "zp_get_user_survivor") - check your modules.ini.
L 01/29/2019 - 18:40:17: [csdm_spawn_preset.amxx] Loaded 40 spawn points for map de_dust2.
L 01/29/2019 - 18:40:17: [csdm_main.amxx] CSDM spawn mode set to preset
L 01/29/2019 - 18:40:17: [admin.amxx] Login: "yellowHearts<1><STEAM_0:0:787808286><>" became an admin (account "loopback") (access "abcdefghijklmnopqrstu") (address "loopback")
L 01/29/2019 - 18:40:18: [admin.amxx] Login: "yellowHearts<1><STEAM_0:0:787808286><>" became an admin (account "loopback") (access "abcdefghijklmnopqrstu") (address "loopback")
L 01/29/2019 - 18:41:41: -------- Mapchange to de_dust2 --------
L 01/29/2019 - 18:41:41: [AMXX] Plugin "cso_magnumbolt_zp_extra.amxx" failed to load: Plugin uses an unknown function (name "zp_register_extra_item") - check your modules.ini.
L 01/29/2019 - 18:41:41: [AMXX] Plugin "zp_extra_at4cs.amxx" failed to load: Plugin uses an unknown function (name "zp_get_user_survivor") - check your modules.ini.
L 01/29/2019 - 18:41:41: [csdm_spawn_preset.amxx] Loaded 40 spawn points for map de_dust2.
L 01/29/2019 - 18:41:41: [csdm_main.amxx] CSDM spawn mode set to preset
L 01/29/2019 - 18:41:42: [admin.amxx] Login: "yellowHearts<24><STEAM_0:0:787808286><>" became an admin (account "loopback") (access "abcdefghijklmnopqrstu") (address "loopback")
L 01/29/2019 - 18:41:43: [admin.amxx] Login: "yellowHearts<24><STEAM_0:0:787808286><>" became an admin (account "loopback") (access "abcdefghijklmnopqrstu") (address "loopback")
L 01/29/2019 - 20:30:34: -------- Mapchange to de_dust2 --------
L 01/29/2019 - 20:30:34: [AMXX] Plugin "cso_magnumbolt_zp_extra.amxx" failed to load: Plugin uses an unknown function (name "zp_register_extra_item") - check your modules.ini.
L 01/29/2019 - 20:30:34: [AMXX] Plugin "zp_extra_at4cs.amxx" failed to load: Plugin uses an unknown function (name "zp_get_user_survivor") - check your modules.ini.
L 01/29/2019 - 20:30:35: [csdm_spawn_preset.amxx] Loaded 40 spawn points for map de_dust2.
L 01/29/2019 - 20:30:35: [csdm_main.amxx] CSDM spawn mode set to preset
L 01/29/2019 - 20:30:35: [admin.amxx] Login: "yellowHearts<1><STEAM_0:0:787808286><>" became an admin (account "loopback") (access "abcdefghijklmnopqrstu") (address "loopback")
L 01/29/2019 - 20:30:36: [admin.amxx] Login: "yellowHearts<1><STEAM_0:0:787808286><>" became an admin (account "loopback") (access "abcdefghijklmnopqrstu") (address "loopback")
L 01/29/2019 - 23:19:25: -------- Mapchange to de_dust2 --------
L 01/29/2019 - 23:19:25: [AMXX] Plugin "cso_magnumbolt_zp_extra.amxx" failed to load: Plugin uses an unknown function (name "zp_register_extra_item") - check your modules.ini.
L 01/29/2019 - 23:19:25: [AMXX] Plugin "zp_extra_at4cs.amxx" failed to load: Plugin uses an unknown function (name "zp_get_user_survivor") - check your modules.ini.
L 01/29/2019 - 23:19:26: [csdm_spawn_preset.amxx] Loaded 40 spawn points for map de_dust2.
L 01/29/2019 - 23:19:26: [csdm_main.amxx] CSDM spawn mode set to preset
L 01/29/2019 - 23:19:26: [admin.amxx] Login: "yellowHearts<1><STEAM_0:0:787808286><>" became an admin (account "loopback") (access "abcdefghijklmnopqrstu") (address "loopback")
L 01/29/2019 - 23:19:27: [admin.amxx] Login: "yellowHearts<1><STEAM_0:0:787808286><>" became an admin (account "loopback") (access "abcdefghijklmnopqrstu") (address "loopback")
L 01/29/2019 - 23:52:32: -------- Mapchange to de_dust2 --------
L 01/29/2019 - 23:52:32: [AMXX] Plugin "cso_magnumbolt_zp_extra.amxx" failed to load: Plugin uses an unknown function (name "zp_register_extra_item") - check your modules.ini.
L 01/29/2019 - 23:52:32: [AMXX] Plugin "zp_extra_at4cs.amxx" failed to load: Plugin uses an unknown function (name "zp_get_user_survivor") - check your modules.ini.
L 01/29/2019 - 23:52:33: [csdm_spawn_preset.amxx] Loaded 40 spawn points for map de_dust2.
L 01/29/2019 - 23:52:33: [csdm_main.amxx] CSDM spawn mode set to preset
L 01/29/2019 - 23:52:34: [admin.amxx] Login: "yellowHearts<1><STEAM_0:0:787808286><>" became an admin (account "loopback") (access "abcdefghijklmnopqrstu") (address "loopback")
L 01/29/2019 - 23:52:35: [admin.amxx] Login: "yellowHearts<1><STEAM_0:0:787808286><>" became an admin (account "loopback") (access "abcdefghijklmnopqrstu") (address "loopback")
