L 01/28/2019 - 01:21:24: -------- Mapchange to de_dust --------
L 01/28/2019 - 01:21:24: [AMXX] Plugin "cso_magnumbolt_zp_extra.amxx" failed to load: Plugin uses an unknown function (name "zp_register_extra_item") - check your modules.ini.
L 01/28/2019 - 01:21:24: [AMXX] Plugin "zp_extra_at4cs.amxx" failed to load: Plugin uses an unknown function (name "zp_get_user_survivor") - check your modules.ini.
L 01/28/2019 - 01:21:25: [csdm_spawn_preset.amxx] Loaded 32 spawn points for map de_dust.
L 01/28/2019 - 01:21:25: [csdm_main.amxx] CSDM spawn mode set to preset
L 01/28/2019 - 01:21:25: [admin.amxx] Login: "yellowHearts<1><STEAM_0:0:787808286><>" became an admin (account "loopback") (access "abcdefghijklmnopqrstu") (address "loopback")
L 01/28/2019 - 01:21:26: [admin.amxx] Login: "yellowHearts<1><STEAM_0:0:787808286><>" became an admin (account "loopback") (access "abcdefghijklmnopqrstu") (address "loopback")
L 01/28/2019 - 02:04:29: -------- Mapchange to de_dust --------
L 01/28/2019 - 02:04:29: [AMXX] Plugin "cso_magnumbolt_zp_extra.amxx" failed to load: Plugin uses an unknown function (name "zp_register_extra_item") - check your modules.ini.
L 01/28/2019 - 02:04:29: [AMXX] Plugin "zp_extra_at4cs.amxx" failed to load: Plugin uses an unknown function (name "zp_get_user_survivor") - check your modules.ini.
L 01/28/2019 - 02:04:29: [AMXX] Plugin "bazooka.amxx" failed to load: Module/Library "dcapi" required for plugin.  Check modules.ini.
L 01/28/2019 - 02:04:30: [csdm_spawn_preset.amxx] Loaded 32 spawn points for map de_dust.
L 01/28/2019 - 02:04:30: [csdm_main.amxx] CSDM spawn mode set to preset
L 01/28/2019 - 02:04:30: [admin.amxx] Login: "yellowHearts<1><STEAM_0:0:787808286><>" became an admin (account "loopback") (access "abcdefghijklmnopqrstu") (address "loopback")
L 01/28/2019 - 02:04:31: [admin.amxx] Login: "yellowHearts<1><STEAM_0:0:787808286><>" became an admin (account "loopback") (access "abcdefghijklmnopqrstu") (address "loopback")
L 01/28/2019 - 02:09:51: -------- Mapchange to de_dust --------
L 01/28/2019 - 02:09:51: [AMXX] Plugin "cso_magnumbolt_zp_extra.amxx" failed to load: Plugin uses an unknown function (name "zp_register_extra_item") - check your modules.ini.
L 01/28/2019 - 02:09:51: [AMXX] Plugin "zp_extra_at4cs.amxx" failed to load: Plugin uses an unknown function (name "zp_get_user_survivor") - check your modules.ini.
L 01/28/2019 - 02:09:51: [AMXX] Plugin "bazooka.amxx" failed to load: Module/Library "dcapi" required for plugin.  Check modules.ini.
L 01/28/2019 - 02:09:52: [csdm_spawn_preset.amxx] Loaded 32 spawn points for map de_dust.
L 01/28/2019 - 02:09:52: [csdm_main.amxx] CSDM spawn mode set to preset
L 01/28/2019 - 02:09:52: [admin.amxx] Login: "yellowHearts<1><STEAM_0:0:787808286><>" became an admin (account "loopback") (access "abcdefghijklmnopqrstu") (address "loopback")
L 01/28/2019 - 02:09:53: [admin.amxx] Login: "yellowHearts<1><STEAM_0:0:787808286><>" became an admin (account "loopback") (access "abcdefghijklmnopqrstu") (address "loopback")
L 01/28/2019 - 02:44:32: -------- Mapchange to de_dust --------
L 01/28/2019 - 02:44:32: [AMXX] Plugin "cso_magnumbolt_zp_extra.amxx" failed to load: Plugin uses an unknown function (name "zp_register_extra_item") - check your modules.ini.
L 01/28/2019 - 02:44:32: [AMXX] Plugin "zp_extra_at4cs.amxx" failed to load: Plugin uses an unknown function (name "zp_get_user_survivor") - check your modules.ini.
L 01/28/2019 - 02:44:32: [AMXX] Plugin "bazooka.amxx" failed to load: Module/Library "dcapi" required for plugin.  Check modules.ini.
L 01/28/2019 - 02:45:29: -------- Mapchange to de_dust --------
L 01/28/2019 - 02:45:29: [AMXX] Plugin "cso_magnumbolt_zp_extra.amxx" failed to load: Plugin uses an unknown function (name "zp_register_extra_item") - check your modules.ini.
L 01/28/2019 - 02:45:29: [AMXX] Plugin "zp_extra_at4cs.amxx" failed to load: Plugin uses an unknown function (name "zp_get_user_survivor") - check your modules.ini.
L 01/28/2019 - 02:45:29: [AMXX] Plugin "bazooka.amxx" failed to load: Module/Library "dcapi" required for plugin.  Check modules.ini.
L 01/28/2019 - 02:45:30: [csdm_spawn_preset.amxx] Loaded 32 spawn points for map de_dust.
L 01/28/2019 - 02:45:30: [csdm_main.amxx] CSDM spawn mode set to preset
L 01/28/2019 - 02:45:31: [admin.amxx] Login: "yellowHearts<1><STEAM_0:0:787808286><>" became an admin (account "loopback") (access "abcdefghijklmnopqrstu") (address "loopback")
L 01/28/2019 - 02:45:32: [admin.amxx] Login: "yellowHearts<1><STEAM_0:0:787808286><>" became an admin (account "loopback") (access "abcdefghijklmnopqrstu") (address "loopback")
L 01/28/2019 - 02:48:59: -------- Mapchange to de_dust --------
L 01/28/2019 - 02:48:59: [AMXX] Plugin "cso_magnumbolt_zp_extra.amxx" failed to load: Plugin uses an unknown function (name "zp_register_extra_item") - check your modules.ini.
L 01/28/2019 - 02:48:59: [AMXX] Plugin "zp_extra_at4cs.amxx" failed to load: Plugin uses an unknown function (name "zp_get_user_survivor") - check your modules.ini.
L 01/28/2019 - 02:48:59: [AMXX] Plugin "bazooka.amxx" failed to load: Module/Library "dcapi" required for plugin.  Check modules.ini.
L 01/28/2019 - 02:49:00: [csdm_spawn_preset.amxx] Loaded 32 spawn points for map de_dust.
L 01/28/2019 - 02:49:00: [csdm_main.amxx] CSDM spawn mode set to preset
L 01/28/2019 - 02:49:00: [admin.amxx] Login: "yellowHearts<1><STEAM_0:0:787808286><>" became an admin (account "loopback") (access "abcdefghijklmnopqrstu") (address "loopback")
L 01/28/2019 - 02:49:01: [admin.amxx] Login: "yellowHearts<1><STEAM_0:0:787808286><>" became an admin (account "loopback") (access "abcdefghijklmnopqrstu") (address "loopback")
L 01/28/2019 - 02:53:44: -------- Mapchange to de_dust --------
L 01/28/2019 - 02:53:44: [AMXX] Plugin "cso_magnumbolt_zp_extra.amxx" failed to load: Plugin uses an unknown function (name "zp_register_extra_item") - check your modules.ini.
L 01/28/2019 - 02:53:44: [AMXX] Plugin "zp_extra_at4cs.amxx" failed to load: Plugin uses an unknown function (name "zp_get_user_survivor") - check your modules.ini.
L 01/28/2019 - 02:53:44: [AMXX] Plugin "bazooka.amxx" failed to load: Module/Library "dcapi" required for plugin.  Check modules.ini.
L 01/28/2019 - 02:53:45: [csdm_spawn_preset.amxx] Loaded 32 spawn points for map de_dust.
L 01/28/2019 - 02:53:45: [csdm_main.amxx] CSDM spawn mode set to preset
L 01/28/2019 - 02:53:46: [admin.amxx] Login: "yellowHearts<1><STEAM_0:0:787808286><>" became an admin (account "loopback") (access "abcdefghijklmnopqrstu") (address "loopback")
L 01/28/2019 - 02:53:47: [admin.amxx] Login: "yellowHearts<1><STEAM_0:0:787808286><>" became an admin (account "loopback") (access "abcdefghijklmnopqrstu") (address "loopback")
L 01/28/2019 - 03:26:22: -------- Mapchange to de_dust --------
L 01/28/2019 - 03:26:22: [AMXX] Plugin "cso_magnumbolt_zp_extra.amxx" failed to load: Plugin uses an unknown function (name "zp_register_extra_item") - check your modules.ini.
L 01/28/2019 - 03:26:22: [AMXX] Plugin "bazooka.amxx" failed to load: Module/Library "dcapi" required for plugin.  Check modules.ini.
L 01/28/2019 - 03:26:22: [AMXX] Plugin "zp_extra_at4cs.amxx" failed to load: Plugin uses an unknown function (name "zp_get_user_survivor") - check your modules.ini.
L 01/28/2019 - 03:26:23: [csdm_spawn_preset.amxx] Loaded 32 spawn points for map de_dust.
L 01/28/2019 - 03:26:23: [csdm_main.amxx] CSDM spawn mode set to preset
L 01/28/2019 - 03:26:23: [admin.amxx] Login: "yellowHearts<1><STEAM_0:0:787808286><>" became an admin (account "loopback") (access "abcdefghijklmnopqrstu") (address "loopback")
L 01/28/2019 - 03:26:24: [admin.amxx] Login: "yellowHearts<1><STEAM_0:0:787808286><>" became an admin (account "loopback") (access "abcdefghijklmnopqrstu") (address "loopback")
L 01/28/2019 - 04:16:24: -------- Mapchange to de_dust --------
L 01/28/2019 - 04:16:24: [AMXX] Plugin "cso_magnumbolt_zp_extra.amxx" failed to load: Plugin uses an unknown function (name "zp_register_extra_item") - check your modules.ini.
L 01/28/2019 - 04:16:24: [AMXX] Plugin "bazooka.amxx" failed to load: Module/Library "dcapi" required for plugin.  Check modules.ini.
L 01/28/2019 - 04:16:24: [AMXX] Plugin "zp_extra_at4cs.amxx" failed to load: Plugin uses an unknown function (name "zp_get_user_survivor") - check your modules.ini.
L 01/28/2019 - 04:16:25: [csdm_spawn_preset.amxx] Loaded 32 spawn points for map de_dust.
L 01/28/2019 - 04:16:25: [csdm_main.amxx] CSDM spawn mode set to preset
L 01/28/2019 - 04:16:25: [admin.amxx] Login: "yellowHearts<1><STEAM_0:0:787808286><>" became an admin (account "loopback") (access "abcdefghijklmnopqrstu") (address "loopback")
L 01/28/2019 - 04:16:26: [admin.amxx] Login: "yellowHearts<1><STEAM_0:0:787808286><>" became an admin (account "loopback") (access "abcdefghijklmnopqrstu") (address "loopback")
L 01/28/2019 - 22:46:00: -------- Mapchange to de_dust --------
L 01/28/2019 - 22:46:00: [AMXX] Plugin "cso_magnumbolt_zp_extra.amxx" failed to load: Plugin uses an unknown function (name "zp_register_extra_item") - check your modules.ini.
L 01/28/2019 - 22:46:00: [AMXX] Plugin "bazooka.amxx" failed to load: Module/Library "dcapi" required for plugin.  Check modules.ini.
L 01/28/2019 - 22:46:00: [AMXX] Plugin "zp_extra_at4cs.amxx" failed to load: Plugin uses an unknown function (name "zp_get_user_survivor") - check your modules.ini.
L 01/28/2019 - 22:46:01: [csdm_spawn_preset.amxx] Loaded 32 spawn points for map de_dust.
L 01/28/2019 - 22:46:01: [csdm_main.amxx] CSDM spawn mode set to preset
L 01/28/2019 - 22:46:02: [admin.amxx] Login: "yellowHearts<1><STEAM_0:0:787808286><>" became an admin (account "loopback") (access "abcdefghijklmnopqrstu") (address "loopback")
L 01/28/2019 - 22:46:03: [admin.amxx] Login: "yellowHearts<1><STEAM_0:0:787808286><>" became an admin (account "loopback") (access "abcdefghijklmnopqrstu") (address "loopback")
L 01/28/2019 - 22:54:56: -------- Mapchange to de_dust --------
L 01/28/2019 - 22:54:56: [AMXX] Plugin "cso_magnumbolt_zp_extra.amxx" failed to load: Plugin uses an unknown function (name "zp_register_extra_item") - check your modules.ini.
L 01/28/2019 - 22:54:56: [AMXX] Plugin "bazooka.amxx" failed to load: Module/Library "dcapi" required for plugin.  Check modules.ini.
L 01/28/2019 - 22:54:56: [AMXX] Plugin "zp_extra_at4cs.amxx" failed to load: Plugin uses an unknown function (name "zp_get_user_survivor") - check your modules.ini.
L 01/28/2019 - 22:54:57: [csdm_spawn_preset.amxx] Loaded 32 spawn points for map de_dust.
L 01/28/2019 - 22:54:57: [csdm_main.amxx] CSDM spawn mode set to preset
L 01/28/2019 - 22:54:57: [admin.amxx] Login: "yellowHearts<1><STEAM_0:0:787808286><>" became an admin (account "loopback") (access "abcdefghijklmnopqrstu") (address "loopback")
L 01/28/2019 - 22:54:58: [admin.amxx] Login: "yellowHearts<1><STEAM_0:0:787808286><>" became an admin (account "loopback") (access "abcdefghijklmnopqrstu") (address "loopback")
L 01/28/2019 - 22:59:02: -------- Mapchange to de_dust --------
L 01/28/2019 - 22:59:02: [AMXX] Plugin "cso_magnumbolt_zp_extra.amxx" failed to load: Plugin uses an unknown function (name "zp_register_extra_item") - check your modules.ini.
L 01/28/2019 - 22:59:02: [AMXX] Plugin "bazooka.amxx" failed to load: Module/Library "dcapi" required for plugin.  Check modules.ini.
L 01/28/2019 - 22:59:02: [AMXX] Plugin "zp_extra_at4cs.amxx" failed to load: Plugin uses an unknown function (name "zp_get_user_survivor") - check your modules.ini.
L 01/28/2019 - 22:59:03: [csdm_spawn_preset.amxx] Loaded 32 spawn points for map de_dust.
L 01/28/2019 - 22:59:03: [csdm_main.amxx] CSDM spawn mode set to preset
L 01/28/2019 - 22:59:03: [admin.amxx] Login: "yellowHearts<1><STEAM_0:0:787808286><>" became an admin (account "loopback") (access "abcdefghijklmnopqrstu") (address "loopback")
L 01/28/2019 - 22:59:04: [admin.amxx] Login: "yellowHearts<1><STEAM_0:0:787808286><>" became an admin (account "loopback") (access "abcdefghijklmnopqrstu") (address "loopback")
L 01/28/2019 - 23:21:08: -------- Mapchange to de_dust --------
L 01/28/2019 - 23:21:08: [AMXX] Plugin "cso_magnumbolt_zp_extra.amxx" failed to load: Plugin uses an unknown function (name "zp_register_extra_item") - check your modules.ini.
L 01/28/2019 - 23:21:08: [AMXX] Plugin "bazooka.amxx" failed to load: Module/Library "dcapi" required for plugin.  Check modules.ini.
L 01/28/2019 - 23:21:08: [AMXX] Plugin "zp_extra_at4cs.amxx" failed to load: Plugin uses an unknown function (name "zp_get_user_survivor") - check your modules.ini.
L 01/28/2019 - 23:21:09: [csdm_spawn_preset.amxx] Loaded 32 spawn points for map de_dust.
L 01/28/2019 - 23:21:09: [csdm_main.amxx] CSDM spawn mode set to preset
L 01/28/2019 - 23:21:09: [admin.amxx] Login: "yellowHearts<1><STEAM_0:0:787808286><>" became an admin (account "loopback") (access "abcdefghijklmnopqrstu") (address "loopback")
L 01/28/2019 - 23:21:10: [admin.amxx] Login: "yellowHearts<1><STEAM_0:0:787808286><>" became an admin (account "loopback") (access "abcdefghijklmnopqrstu") (address "loopback")
L 01/28/2019 - 23:29:44: -------- Mapchange to de_dust --------
L 01/28/2019 - 23:29:44: [AMXX] Plugin "cso_magnumbolt_zp_extra.amxx" failed to load: Plugin uses an unknown function (name "zp_register_extra_item") - check your modules.ini.
L 01/28/2019 - 23:29:44: [AMXX] Plugin "bazooka.amxx" failed to load: Module/Library "dcapi" required for plugin.  Check modules.ini.
L 01/28/2019 - 23:29:44: [AMXX] Plugin "zp_extra_at4cs.amxx" failed to load: Plugin uses an unknown function (name "zp_get_user_survivor") - check your modules.ini.
L 01/28/2019 - 23:29:45: [csdm_spawn_preset.amxx] Loaded 32 spawn points for map de_dust.
L 01/28/2019 - 23:29:45: [csdm_main.amxx] CSDM spawn mode set to preset
L 01/28/2019 - 23:29:45: [admin.amxx] Login: "yellowHearts<1><STEAM_0:0:787808286><>" became an admin (account "loopback") (access "abcdefghijklmnopqrstu") (address "loopback")
L 01/28/2019 - 23:29:46: [admin.amxx] Login: "yellowHearts<1><STEAM_0:0:787808286><>" became an admin (account "loopback") (access "abcdefghijklmnopqrstu") (address "loopback")
L 01/28/2019 - 23:54:46: -------- Mapchange to de_dust --------
L 01/28/2019 - 23:54:46: [AMXX] Plugin "cso_magnumbolt_zp_extra.amxx" failed to load: Plugin uses an unknown function (name "zp_register_extra_item") - check your modules.ini.
L 01/28/2019 - 23:54:46: [AMXX] Plugin "bazooka.amxx" failed to load: Module/Library "dcapi" required for plugin.  Check modules.ini.
L 01/28/2019 - 23:54:46: [AMXX] Plugin "zp_extra_at4cs.amxx" failed to load: Plugin uses an unknown function (name "zp_get_user_survivor") - check your modules.ini.
L 01/28/2019 - 23:54:47: [csdm_spawn_preset.amxx] Loaded 32 spawn points for map de_dust.
L 01/28/2019 - 23:54:47: [csdm_main.amxx] CSDM spawn mode set to preset
L 01/28/2019 - 23:54:47: [admin.amxx] Login: "yellowHearts<1><STEAM_0:0:787808286><>" became an admin (account "loopback") (access "abcdefghijklmnopqrstu") (address "loopback")
L 01/28/2019 - 23:54:48: [admin.amxx] Login: "yellowHearts<1><STEAM_0:0:787808286><>" became an admin (account "loopback") (access "abcdefghijklmnopqrstu") (address "loopback")
