L 01/27/2019 - 00:58:26: -------- Mapchange to de_dust2 --------
L 01/27/2019 - 00:58:27: [csdm_spawn_preset.amxx] Loaded 40 spawn points for map de_dust2.
L 01/27/2019 - 00:58:27: [csdm_main.amxx] CSDM spawn mode set to preset
L 01/27/2019 - 00:58:27: [admin.amxx] Login: "yellowHearts<1><STEAM_0:0:787808286><>" became an admin (account "loopback") (access "abcdefghijklmnopqrstu") (address "loopback")
L 01/27/2019 - 00:58:28: [admin.amxx] Login: "yellowHearts<1><STEAM_0:0:787808286><>" became an admin (account "loopback") (access "abcdefghijklmnopqrstu") (address "loopback")
L 01/27/2019 - 02:35:19: -------- Mapchange to de_dust2 --------
L 01/27/2019 - 02:35:22: [csdm_spawn_preset.amxx] Loaded 40 spawn points for map de_dust2.
L 01/27/2019 - 02:35:22: [csdm_main.amxx] CSDM spawn mode set to preset
L 01/27/2019 - 02:35:23: [admin.amxx] Login: "yellowHearts<1><STEAM_0:0:787808286><>" became an admin (account "loopback") (access "abcdefghijklmnopqrstu") (address "loopback")
L 01/27/2019 - 02:35:25: [admin.amxx] Login: "yellowHearts<1><STEAM_0:0:787808286><>" became an admin (account "loopback") (access "abcdefghijklmnopqrstu") (address "loopback")
L 01/27/2019 - 02:53:21: -------- Mapchange to de_dust2 --------
L 01/27/2019 - 02:53:22: [csdm_spawn_preset.amxx] Loaded 40 spawn points for map de_dust2.
L 01/27/2019 - 02:53:22: [csdm_main.amxx] CSDM spawn mode set to preset
L 01/27/2019 - 02:53:22: [admin.amxx] Login: "yellowHearts<1><STEAM_0:0:787808286><>" became an admin (account "loopback") (access "abcdefghijklmnopqrstu") (address "loopback")
L 01/27/2019 - 02:53:23: [admin.amxx] Login: "yellowHearts<1><STEAM_0:0:787808286><>" became an admin (account "loopback") (access "abcdefghijklmnopqrstu") (address "loopback")
L 01/27/2019 - 03:11:25: -------- Mapchange to de_dust --------
L 01/27/2019 - 03:11:26: [csdm_spawn_preset.amxx] Loaded 32 spawn points for map de_dust.
L 01/27/2019 - 03:11:26: [csdm_main.amxx] CSDM spawn mode set to preset
L 01/27/2019 - 03:11:26: [admin.amxx] Login: "yellowHearts<1><STEAM_0:0:787808286><>" became an admin (account "loopback") (access "abcdefghijklmnopqrstu") (address "loopback")
L 01/27/2019 - 03:11:27: [admin.amxx] Login: "yellowHearts<1><STEAM_0:0:787808286><>" became an admin (account "loopback") (access "abcdefghijklmnopqrstu") (address "loopback")
L 01/27/2019 - 03:21:02: -------- Mapchange to de_dust --------
L 01/27/2019 - 03:21:03: [csdm_spawn_preset.amxx] Loaded 32 spawn points for map de_dust.
L 01/27/2019 - 03:21:03: [csdm_main.amxx] CSDM spawn mode set to preset
L 01/27/2019 - 03:21:03: [admin.amxx] Login: "yellowHearts<1><STEAM_0:0:787808286><>" became an admin (account "loopback") (access "abcdefghijklmnopqrstu") (address "loopback")
L 01/27/2019 - 03:21:04: [admin.amxx] Login: "yellowHearts<1><STEAM_0:0:787808286><>" became an admin (account "loopback") (access "abcdefghijklmnopqrstu") (address "loopback")
L 01/27/2019 - 03:23:01: -------- Mapchange to de_dust --------
L 01/27/2019 - 03:23:01: [csdm_spawn_preset.amxx] Loaded 32 spawn points for map de_dust.
L 01/27/2019 - 03:23:01: [csdm_main.amxx] CSDM spawn mode set to preset
L 01/27/2019 - 03:23:01: [admin.amxx] Login: "yellowHearts<24><STEAM_0:0:787808286><>" became an admin (account "loopback") (access "abcdefghijklmnopqrstu") (address "loopback")
L 01/27/2019 - 03:23:02: [admin.amxx] Login: "yellowHearts<24><STEAM_0:0:787808286><>" became an admin (account "loopback") (access "abcdefghijklmnopqrstu") (address "loopback")
L 01/27/2019 - 03:23:10: -------- Mapchange to de_dust --------
L 01/27/2019 - 03:23:10: [csdm_spawn_preset.amxx] Loaded 32 spawn points for map de_dust.
L 01/27/2019 - 03:23:10: [csdm_main.amxx] CSDM spawn mode set to preset
L 01/27/2019 - 03:23:11: [admin.amxx] Login: "yellowHearts<47><STEAM_0:0:787808286><>" became an admin (account "loopback") (access "abcdefghijklmnopqrstu") (address "loopback")
L 01/27/2019 - 03:23:12: [admin.amxx] Login: "yellowHearts<47><STEAM_0:0:787808286><>" became an admin (account "loopback") (access "abcdefghijklmnopqrstu") (address "loopback")
L 01/27/2019 - 03:25:30: -------- Mapchange to de_dust --------
L 01/27/2019 - 03:25:30: [csdm_spawn_preset.amxx] Loaded 32 spawn points for map de_dust.
L 01/27/2019 - 03:25:30: [csdm_main.amxx] CSDM spawn mode set to preset
L 01/27/2019 - 03:25:31: [admin.amxx] Login: "yellowHearts<70><STEAM_0:0:787808286><>" became an admin (account "loopback") (access "abcdefghijklmnopqrstu") (address "loopback")
L 01/27/2019 - 03:25:32: [admin.amxx] Login: "yellowHearts<70><STEAM_0:0:787808286><>" became an admin (account "loopback") (access "abcdefghijklmnopqrstu") (address "loopback")
L 01/27/2019 - 03:31:53: -------- Mapchange to de_dust --------
L 01/27/2019 - 03:31:53: [csdm_spawn_preset.amxx] Loaded 32 spawn points for map de_dust.
L 01/27/2019 - 03:31:53: [csdm_main.amxx] CSDM spawn mode set to preset
L 01/27/2019 - 03:31:54: [admin.amxx] Login: "yellowHearts<1><STEAM_0:0:787808286><>" became an admin (account "loopback") (access "abcdefghijklmnopqrstu") (address "loopback")
L 01/27/2019 - 03:31:55: [admin.amxx] Login: "yellowHearts<1><STEAM_0:0:787808286><>" became an admin (account "loopback") (access "abcdefghijklmnopqrstu") (address "loopback")
L 01/27/2019 - 03:36:39: -------- Mapchange to de_dust --------
L 01/27/2019 - 03:36:40: [csdm_spawn_preset.amxx] Loaded 32 spawn points for map de_dust.
L 01/27/2019 - 03:36:40: [csdm_main.amxx] CSDM spawn mode set to preset
L 01/27/2019 - 03:36:40: [admin.amxx] Login: "yellowHearts<1><STEAM_0:0:787808286><>" became an admin (account "loopback") (access "abcdefghijklmnopqrstu") (address "loopback")
L 01/27/2019 - 03:36:41: [admin.amxx] Login: "yellowHearts<1><STEAM_0:0:787808286><>" became an admin (account "loopback") (access "abcdefghijklmnopqrstu") (address "loopback")
L 01/27/2019 - 04:01:51: -------- Mapchange to de_dust --------
L 01/27/2019 - 04:01:52: [csdm_spawn_preset.amxx] Loaded 32 spawn points for map de_dust.
L 01/27/2019 - 04:01:52: [csdm_main.amxx] CSDM spawn mode set to preset
L 01/27/2019 - 04:01:53: [admin.amxx] Login: "yellowHearts<1><STEAM_0:0:787808286><>" became an admin (account "loopback") (access "abcdefghijklmnopqrstu") (address "loopback")
L 01/27/2019 - 04:01:54: [admin.amxx] Login: "yellowHearts<1><STEAM_0:0:787808286><>" became an admin (account "loopback") (access "abcdefghijklmnopqrstu") (address "loopback")
L 01/27/2019 - 05:02:07: -------- Mapchange to de_dust --------
L 01/27/2019 - 05:02:07: [AMXX] Plugin "cso_magnumbolt_zp_extra.amxx" failed to load: Plugin uses an unknown function (name "zp_register_extra_item") - check your modules.ini.
L 01/27/2019 - 05:02:08: [csdm_spawn_preset.amxx] Loaded 32 spawn points for map de_dust.
L 01/27/2019 - 05:02:08: [csdm_main.amxx] CSDM spawn mode set to preset
L 01/27/2019 - 05:02:09: [admin.amxx] Login: "yellowHearts<1><STEAM_0:0:787808286><>" became an admin (account "loopback") (access "abcdefghijklmnopqrstu") (address "loopback")
L 01/27/2019 - 05:02:10: [admin.amxx] Login: "yellowHearts<1><STEAM_0:0:787808286><>" became an admin (account "loopback") (access "abcdefghijklmnopqrstu") (address "loopback")
L 01/27/2019 - 05:03:29: -------- Mapchange to de_dust --------
L 01/27/2019 - 05:03:29: [AMXX] Plugin "cso_magnumbolt_zp_extra.amxx" failed to load: Plugin uses an unknown function (name "zp_register_extra_item") - check your modules.ini.
L 01/27/2019 - 05:03:30: [csdm_spawn_preset.amxx] Loaded 32 spawn points for map de_dust.
L 01/27/2019 - 05:03:30: [csdm_main.amxx] CSDM spawn mode set to preset
L 01/27/2019 - 05:03:30: [admin.amxx] Login: "yellowHearts<1><STEAM_0:0:787808286><>" became an admin (account "loopback") (access "abcdefghijklmnopqrstu") (address "loopback")
L 01/27/2019 - 05:03:31: [admin.amxx] Login: "yellowHearts<1><STEAM_0:0:787808286><>" became an admin (account "loopback") (access "abcdefghijklmnopqrstu") (address "loopback")
L 01/27/2019 - 05:07:14: -------- Mapchange to de_dust --------
L 01/27/2019 - 05:07:14: [AMXX] Plugin "cso_magnumbolt_zp_extra.amxx" failed to load: Plugin uses an unknown function (name "zp_register_extra_item") - check your modules.ini.
L 01/27/2019 - 05:07:15: [csdm_spawn_preset.amxx] Loaded 32 spawn points for map de_dust.
L 01/27/2019 - 05:07:15: [csdm_main.amxx] CSDM spawn mode set to preset
L 01/27/2019 - 05:07:15: [admin.amxx] Login: "yellowHearts<1><STEAM_0:0:787808286><>" became an admin (account "loopback") (access "abcdefghijklmnopqrstu") (address "loopback")
L 01/27/2019 - 05:07:16: [admin.amxx] Login: "yellowHearts<1><STEAM_0:0:787808286><>" became an admin (account "loopback") (access "abcdefghijklmnopqrstu") (address "loopback")
L 01/27/2019 - 05:11:08: -------- Mapchange to de_dust --------
L 01/27/2019 - 05:11:08: [AMXX] Plugin "cso_magnumbolt_zp_extra.amxx" failed to load: Plugin uses an unknown function (name "zp_register_extra_item") - check your modules.ini.
L 01/27/2019 - 05:11:09: [csdm_spawn_preset.amxx] Loaded 32 spawn points for map de_dust.
L 01/27/2019 - 05:11:09: [csdm_main.amxx] CSDM spawn mode set to preset
L 01/27/2019 - 05:11:10: [admin.amxx] Login: "yellowHearts<1><STEAM_0:0:787808286><>" became an admin (account "loopback") (access "abcdefghijklmnopqrstu") (address "loopback")
L 01/27/2019 - 05:11:11: [admin.amxx] Login: "yellowHearts<1><STEAM_0:0:787808286><>" became an admin (account "loopback") (access "abcdefghijklmnopqrstu") (address "loopback")
L 01/27/2019 - 05:22:41: -------- Mapchange to de_dust --------
L 01/27/2019 - 05:22:41: [AMXX] Plugin "cso_magnumbolt_zp_extra.amxx" failed to load: Plugin uses an unknown function (name "zp_register_extra_item") - check your modules.ini.
L 01/27/2019 - 05:22:42: [csdm_spawn_preset.amxx] Loaded 32 spawn points for map de_dust.
L 01/27/2019 - 05:22:42: [csdm_main.amxx] CSDM spawn mode set to preset
L 01/27/2019 - 05:22:43: [admin.amxx] Login: "yellowHearts<1><STEAM_0:0:787808286><>" became an admin (account "loopback") (access "abcdefghijklmnopqrstu") (address "loopback")
L 01/27/2019 - 05:22:44: [admin.amxx] Login: "yellowHearts<1><STEAM_0:0:787808286><>" became an admin (account "loopback") (access "abcdefghijklmnopqrstu") (address "loopback")
L 01/27/2019 - 05:31:41: -------- Mapchange to de_dust --------
L 01/27/2019 - 05:31:41: [AMXX] Plugin "cso_magnumbolt_zp_extra.amxx" failed to load: Plugin uses an unknown function (name "zp_register_extra_item") - check your modules.ini.
L 01/27/2019 - 05:31:41: [AMXX] Plugin "zp_extra_at4cs.amxx" failed to load: Plugin uses an unknown function (name "zp_get_user_survivor") - check your modules.ini.
L 01/27/2019 - 05:31:42: [csdm_spawn_preset.amxx] Loaded 32 spawn points for map de_dust.
L 01/27/2019 - 05:31:42: [csdm_main.amxx] CSDM spawn mode set to preset
L 01/27/2019 - 05:31:43: [admin.amxx] Login: "yellowHearts<1><STEAM_0:0:787808286><>" became an admin (account "loopback") (access "abcdefghijklmnopqrstu") (address "loopback")
L 01/27/2019 - 05:31:44: [admin.amxx] Login: "yellowHearts<1><STEAM_0:0:787808286><>" became an admin (account "loopback") (access "abcdefghijklmnopqrstu") (address "loopback")
L 01/27/2019 - 05:36:25: -------- Mapchange to de_dust --------
L 01/27/2019 - 05:36:25: [AMXX] Plugin "cso_magnumbolt_zp_extra.amxx" failed to load: Plugin uses an unknown function (name "zp_register_extra_item") - check your modules.ini.
L 01/27/2019 - 05:36:25: [AMXX] Plugin "zp_extra_at4cs.amxx" failed to load: Plugin uses an unknown function (name "zp_get_user_survivor") - check your modules.ini.
L 01/27/2019 - 05:36:26: [csdm_spawn_preset.amxx] Loaded 32 spawn points for map de_dust.
L 01/27/2019 - 05:36:26: [csdm_main.amxx] CSDM spawn mode set to preset
L 01/27/2019 - 05:36:26: [admin.amxx] Login: "yellowHearts<1><STEAM_0:0:787808286><>" became an admin (account "loopback") (access "abcdefghijklmnopqrstu") (address "loopback")
L 01/27/2019 - 05:36:27: [admin.amxx] Login: "yellowHearts<1><STEAM_0:0:787808286><>" became an admin (account "loopback") (access "abcdefghijklmnopqrstu") (address "loopback")
